

***********************************************************************
Fatal NI connect error 12560, connecting to:
 (DESCRIPTION=(ADDRESS=(PROTOCOL=BEQ)(PROGRAM=oracle)(ARGV0=oracleorcl)(ARGS='(DESCRIPTION=(LOCAL=YES)(ADDRESS=(PROTOCOL=beq)))'))(CONNECT_DATA=(SID=orcl)(CID=(PROGRAM=D:\oracle\product\10.2.0\db_1\bin\sqlplus.exe)(HOST=AMRESHSINGH-PC)(USER=AMRESH?SINGH))))

  VERSION INFORMATION:
	TNS for 32-bit Windows: Version 10.2.0.3.0 - Production
	Oracle Bequeath NT Protocol Adapter for 32-bit Windows: Version 10.2.0.3.0 - Production
  Time: 31-OCT-2015 00:53:15
  Tracing not turned on.
  Tns error struct:
    ns main err code: 12560
    TNS-12560: TNS:protocol adapter error
    ns secondary err code: 0
    nt main err code: 530
    TNS-00530: Protocol adapter error
    nt secondary err code: 2
    nt OS err code: 0


***********************************************************************
Fatal NI connect error 12560, connecting to:
 (DESCRIPTION=(ADDRESS=(PROTOCOL=BEQ)(PROGRAM=oracle)(ARGV0=oracleorcl)(ARGS='(DESCRIPTION=(LOCAL=YES)(ADDRESS=(PROTOCOL=beq)))'))(CONNECT_DATA=(SID=orcl)(CID=(PROGRAM=D:\oracle\product\10.2.0\db_1\bin\sqlplus.exe)(HOST=AMRESHSINGH-PC)(USER=AMRESH?SINGH))))

  VERSION INFORMATION:
	TNS for 32-bit Windows: Version 10.2.0.3.0 - Production
	Oracle Bequeath NT Protocol Adapter for 32-bit Windows: Version 10.2.0.3.0 - Production
  Time: 31-OCT-2015 00:53:33
  Tracing not turned on.
  Tns error struct:
    ns main err code: 12560
    TNS-12560: TNS:protocol adapter error
    ns secondary err code: 0
    nt main err code: 530
    TNS-00530: Protocol adapter error
    nt secondary err code: 2
    nt OS err code: 0


***********************************************************************
Fatal NI connect error 12560, connecting to:
 (DESCRIPTION=(ADDRESS=(PROTOCOL=BEQ)(PROGRAM=oracle)(ARGV0=oracleorcl)(ARGS='(DESCRIPTION=(LOCAL=YES)(ADDRESS=(PROTOCOL=beq)))'))(CONNECT_DATA=(SID=orcl)(CID=(PROGRAM=D:\oracle\product\10.2.0\db_1\bin\sqlplus.exe)(HOST=AMRESHSINGH-PC)(USER=AMRESH?SINGH))))

  VERSION INFORMATION:
	TNS for 32-bit Windows: Version 10.2.0.3.0 - Production
	Oracle Bequeath NT Protocol Adapter for 32-bit Windows: Version 10.2.0.3.0 - Production
  Time: 31-OCT-2015 00:53:37
  Tracing not turned on.
  Tns error struct:
    ns main err code: 12560
    TNS-12560: TNS:protocol adapter error
    ns secondary err code: 0
    nt main err code: 530
    TNS-00530: Protocol adapter error
    nt secondary err code: 2
    nt OS err code: 0
